<?xml version="1.0" encoding="UTF-8"?>
<!-- Generated by org.testng.reporters.JUnitXMLReporter -->
<testsuite ignored="1" hostname="DESKTOP-JCJ8HOK" failures="0" tests="7" name="Create Booking Test- Applying Discount - electonicPayment" time="0.082" errors="0" timestamp="26 Jan 2022 03:42:57 GMT">
  <testcase classname="testcases.BookingSearch" name="searchHotel" time="0.004"/>
  <testcase classname="testcases.BookingSearch" name="selectHotel" time="0.009"/>
  <testcase classname="testcases.BookingSearch" name="entertGuestInformation" time="0.002"/>
  <testcase classname="testcases.PaymentManager" name="applyDiscount" time="0.0"/>
  <testcase classname="testcases.PaymentManager" name="makePayment" time="0.009"/>
  <testcase classname="testcases.CustomerCommunication" name="checkEmailVerification" time="0.006"/>
  <testcase classname="testcases.CustomerCommunication" name="checkMobileVerification" time="0.002"/>
  <testcase classname="testcases.BookingSearch" name="loadBooking" time="0.0">
    <ignored/>
  </testcase> <!-- loadBooking -->
</testsuite> <!-- Create Booking Test- Applying Discount - electonicPayment -->
