<?xml version="1.0" encoding="UTF-8"?>
<!-- Generated by org.testng.reporters.JUnitXMLReporter -->
<testsuite ignored="1" hostname="DESKTOP-JCJ8HOK" failures="0" tests="7" name="modifiying Booking Test- Applying Discount - pay@hotel" time="0.132" errors="0" timestamp="26 Jan 2022 03:39:40 GMT">
  <testcase classname="testcases.BookingSearch" name="loadBooking" time="0.002"/>
  <testcase classname="testcases.BookingSearch" name="selectHotel" time="0.003"/>
  <testcase classname="testcases.BookingSearch" name="entertGuestInformation" time="0.001"/>
  <testcase classname="testcases.PaymentManager" name="applyDiscount" time="0.052"/>
  <testcase classname="testcases.PaymentManager" name="makePayment" time="0.017"/>
  <testcase classname="testcases.CustomerCommunication" name="checkEmailVerification" time="0.002"/>
  <testcase classname="testcases.CustomerCommunication" name="checkMobileVerification" time="0.007"/>
  <testcase classname="testcases.BookingSearch" name="searchHotel" time="0.0">
    <ignored/>
  </testcase> <!-- searchHotel -->
</testsuite> <!-- modifiying Booking Test- Applying Discount - pay@hotel -->
