<?xml version="1.0" encoding="UTF-8"?>
<!-- Generated by org.testng.reporters.JUnitXMLReporter -->
<testsuite ignored="0" hostname="DESKTOP-JCJ8HOK" failures="0" tests="4" name="Test" time="50.871" errors="0" timestamp="21 Jan 2022 03:06:34 GMT">
  <testcase classname="pack.CheckBox1" name="checkboxTest" time="0.891"/>
  <testcase classname="pack.LinksTesting1" name="linktesting1" time="1.913"/>
  <testcase classname="pack.TNG_001" name="amazon" time="7.501"/>
  <testcase classname="pack.RadioButton1" name="radioButtonTest" time="0.203"/>
</testsuite> <!-- Test -->
