<?xml version="1.0" encoding="UTF-8"?>
<!-- Generated by org.testng.reporters.JUnitXMLReporter -->
<testsuite ignored="0" hostname="DESKTOP-JCJ8HOK" failures="0" tests="6" name="Test" time="106.909" errors="0" timestamp="27 Feb 2022 02:32:36 GMT">
  <testcase classname="gridpack.GridDemo" name="test1" time="79.418"/>
  <testcase classname="gridpack.GridDemo" name="test4" time="81.323"/>
  <testcase classname="gridpack.GridDemo" name="test5" time="81.498"/>
  <testcase classname="gridpack.GridDemo" name="test3" time="83.359"/>
  <testcase classname="gridpack.GridDemo" name="test2" time="85.383"/>
  <testcase classname="gridpack.GridDemo" name="test6" time="27.404"/>
</testsuite> <!-- Test -->
