<?xml version="1.0" encoding="UTF-8"?>
<testng-results ignored="6" total="10" passed="4" failed="0" skipped="0">
  <reporter-output>
  </reporter-output>
  <suite started-at="2022-03-17T01:55:36Z" name="Suite" finished-at="2022-03-17T01:55:37Z" duration-ms="328">
    <groups>
    </groups>
    <test started-at="2022-03-17T01:55:36Z" name="Create PortifolioTest" finished-at="2022-03-17T01:55:36Z" duration-ms="108">
      <class name="testcases.PortifolioManagement">
        <test-method signature="createPortifolio()[pri:0, instance:testcases.PortifolioManagement@60015ef5]" started-at="2022-03-17T01:55:36Z" name="createPortifolio" finished-at="2022-03-17T01:55:36Z" duration-ms="11" status="PASS">
          <reporter-output>
          </reporter-output>
        </test-method> <!-- createPortifolio -->
      </class> <!-- testcases.PortifolioManagement -->
      <class name="testcases.Session">
        <test-method signature="doLogin()[pri:0, instance:testcases.Session@55740540]" started-at="2022-03-17T01:55:36Z" name="doLogin" finished-at="2022-03-17T01:55:36Z" duration-ms="26" status="PASS">
          <reporter-output>
          </reporter-output>
        </test-method> <!-- doLogin -->
      </class> <!-- testcases.Session -->
    </test> <!-- Create PortifolioTest -->
    <test started-at="2022-03-17T01:55:37Z" name="Delete PortifolioTest" finished-at="2022-03-17T01:55:37Z" duration-ms="25">
      <class name="testcases.PortifolioManagement">
        <test-method signature="deletePortifolio()[pri:0, instance:testcases.PortifolioManagement@7e9131d5]" started-at="2022-03-17T01:55:37Z" name="deletePortifolio" finished-at="2022-03-17T01:55:37Z" duration-ms="6" status="PASS">
          <reporter-output>
          </reporter-output>
        </test-method> <!-- deletePortifolio -->
      </class> <!-- testcases.PortifolioManagement -->
      <class name="testcases.Session">
        <test-method signature="doLogin()[pri:0, instance:testcases.Session@2cdd0d4b]" started-at="2022-03-17T01:55:37Z" name="doLogin" finished-at="2022-03-17T01:55:37Z" duration-ms="4" status="PASS">
          <reporter-output>
          </reporter-output>
        </test-method> <!-- doLogin -->
      </class> <!-- testcases.Session -->
    </test> <!-- Delete PortifolioTest -->
  </suite> <!-- Suite -->
</testng-results>
