<?xml version="1.0" encoding="UTF-8"?>
<testng-results ignored="0" total="6" passed="6" failed="0" skipped="0">
  <reporter-output>
  </reporter-output>
  <suite started-at="2022-02-27T02:30:49Z" name="Suite" finished-at="2022-02-27T02:32:36Z" duration-ms="106909">
    <groups>
    </groups>
    <test started-at="2022-02-27T02:30:49Z" name="Test" finished-at="2022-02-27T02:32:36Z" duration-ms="106909">
      <class name="gridpack.GridDemo">
        <test-method signature="test3()[pri:0, instance:gridpack.GridDemo@6a2f6f80]" started-at="2022-02-27T02:30:49Z" name="test3" finished-at="2022-02-27T02:32:13Z" duration-ms="83359" status="PASS">
          <reporter-output>
          </reporter-output>
        </test-method> <!-- test3 -->
        <test-method signature="test5()[pri:0, instance:gridpack.GridDemo@6a2f6f80]" started-at="2022-02-27T02:30:49Z" name="test5" finished-at="2022-02-27T02:32:11Z" duration-ms="81498" status="PASS">
          <reporter-output>
          </reporter-output>
        </test-method> <!-- test5 -->
        <test-method signature="test1()[pri:0, instance:gridpack.GridDemo@6a2f6f80]" started-at="2022-02-27T02:30:49Z" name="test1" finished-at="2022-02-27T02:32:09Z" duration-ms="79418" status="PASS">
          <reporter-output>
          </reporter-output>
        </test-method> <!-- test1 -->
        <test-method signature="test4()[pri:0, instance:gridpack.GridDemo@6a2f6f80]" started-at="2022-02-27T02:30:49Z" name="test4" finished-at="2022-02-27T02:32:11Z" duration-ms="81323" status="PASS">
          <reporter-output>
          </reporter-output>
        </test-method> <!-- test4 -->
        <test-method signature="test2()[pri:0, instance:gridpack.GridDemo@6a2f6f80]" started-at="2022-02-27T02:30:49Z" name="test2" finished-at="2022-02-27T02:32:15Z" duration-ms="85383" status="PASS">
          <reporter-output>
          </reporter-output>
        </test-method> <!-- test2 -->
        <test-method signature="test6()[pri:0, instance:gridpack.GridDemo@6a2f6f80]" started-at="2022-02-27T02:32:09Z" name="test6" finished-at="2022-02-27T02:32:36Z" duration-ms="27404" status="PASS">
          <reporter-output>
          </reporter-output>
        </test-method> <!-- test6 -->
      </class> <!-- gridpack.GridDemo -->
    </test> <!-- Test -->
  </suite> <!-- Suite -->
</testng-results>
