<?xml version="1.0" encoding="UTF-8"?>
<!-- Generated by org.testng.reporters.JUnitXMLReporter -->
<testsuite ignored="0" hostname="DESKTOP-JCJ8HOK" failures="0" tests="3" name="Default test" time="0.157" errors="0" timestamp="20 Jan 2022 03:16:14 GMT">
  <testcase classname="suitesParallel.NewTest" name="test1" time="0.043"/>
  <testcase classname="suitesParallel.NewTest" name="test2" time="0.002"/>
  <testcase classname="suitesParallel.NewTest" name="test3" time="0.003"/>
</testsuite> <!-- Default test -->
