<?xml version="1.0" encoding="UTF-8"?>
<!-- Generated by org.testng.reporters.JUnitXMLReporter -->
<testsuite ignored="1" hostname="DESKTOP-JCJ8HOK" failures="0" tests="2" name="Default test" time="0.133" errors="0" timestamp="10 Jan 2022 03:29:19 GMT">
  <testcase classname="pack.NewTest2" name="f" time="0.027"/>
  <testcase classname="pack.NewTest2" name="a" time="0.008"/>
  <testcase classname="pack.NewTest2" name="z" time="0.0">
    <ignored/>
  </testcase> <!-- z -->
</testsuite> <!-- Default test -->
