<?xml version="1.0" encoding="UTF-8"?>
<!-- Generated by org.testng.reporters.JUnitXMLReporter -->
<testsuite ignored="0" hostname="DESKTOP-JCJ8HOK" failures="0" tests="4" name="ChromeTest" time="52.373" errors="0" timestamp="11 Jan 2022 03:38:36 GMT">
  <testcase classname="pack.CheckBox1" name="checkboxTest" time="1.526"/>
  <testcase classname="pack.LinksTesting1" name="linktesting1" time="1.363"/>
  <testcase classname="pack.TNG_001" name="amazon" time="5.74"/>
  <testcase classname="pack.RadioButton1" name="radioButtonTest" time="2.095"/>
</testsuite> <!-- ChromeTest -->
