<?xml version="1.0" encoding="UTF-8"?>
<!-- Generated by org.testng.reporters.JUnitXMLReporter -->
<testsuite ignored="0" hostname="DESKTOP-JCJ8HOK" failures="0" tests="4" name="RrgressionTest" time="54.832" errors="0" timestamp="11 Jan 2022 03:12:46 GMT">
  <testcase classname="pack.CheckBox1" name="checkboxTest" time="1.549"/>
  <testcase classname="pack.LinksTesting1" name="linktesting1" time="1.735"/>
  <testcase classname="pack.TNG_001" name="amazon" time="8.262"/>
  <testcase classname="pack.RadioButton1" name="radioButtonTest" time="1.155"/>
</testsuite> <!-- RrgressionTest -->
