<?xml version="1.0" encoding="UTF-8"?>
<!-- Generated by org.testng.reporters.JUnitXMLReporter -->
<testsuite ignored="0" hostname="DESKTOP-JCJ8HOK" failures="0" tests="8" name="Test" time="0.511" errors="0" timestamp="26 Jan 2022 03:04:30 GMT">
  <testcase classname="testcases.BookingSearch" name="entertGuestInformation" time="0.092"/>
  <testcase classname="testcases.BookingSearch" name="loadBooking" time="0.021"/>
  <testcase classname="testcases.BookingSearch" name="searchHotel" time="0.033"/>
  <testcase classname="testcases.BookingSearch" name="selectHotel" time="0.045"/>
  <testcase classname="testcases.PaymentManager" name="applyDiscount" time="0.015"/>
  <testcase classname="testcases.PaymentManager" name="makePayment" time="0.003"/>
  <testcase classname="testcases.CustomerCommunication" name="checkEmailVerification" time="0.008"/>
  <testcase classname="testcases.CustomerCommunication" name="checkMobileVerification" time="0.029"/>
</testsuite> <!-- Test -->
