<?xml version="1.0" encoding="UTF-8"?>
<!-- Generated by org.testng.reporters.JUnitXMLReporter -->
<testsuite ignored="5" hostname="DESKTOP-JCJ8HOK" failures="0" tests="2" name="Create PortifolioTest" time="23.486" errors="0" timestamp="11 Apr 2022 01:50:51 GMT">
  <testcase classname="testcases.Session" name="doLogin" time="21.481"/>
  <testcase classname="testcases.PortifolioManagement" name="createPortifolio" time="0.003"/>
  <testcase classname="testcases.PortifolioManagement" name="deletePortifolio" time="0.0">
    <ignored/>
  </testcase> <!-- deletePortifolio -->
  <testcase classname="testcases.BaseTest" name="@BeforeTest beforeTest" time="0.0">
    <ignored/>
  </testcase> <!-- @BeforeTest beforeTest -->
  <testcase classname="testcases.Session" name="doLogout" time="0.0">
    <ignored/>
  </testcase> <!-- doLogout -->
  <testcase classname="testcases.BaseTest" name="@AfterTest quit" time="0.0">
    <ignored/>
  </testcase> <!-- @AfterTest quit -->
  <testcase classname="testcases.PortifolioManagement" name="modifyPortifolio" time="0.0">
    <ignored/>
  </testcase> <!-- modifyPortifolio -->
</testsuite> <!-- Create PortifolioTest -->
