<?xml version="1.0" encoding="UTF-8"?>
<!-- Generated by org.testng.reporters.JUnitXMLReporter -->
<testsuite ignored="3" hostname="DESKTOP-JCJ8HOK" failures="0" tests="2" name="Delete PortifolioTest" time="0.025" errors="0" timestamp="17 Mar 2022 01:55:37 GMT">
  <testcase classname="testcases.Session" name="doLogin" time="0.004"/>
  <testcase classname="testcases.PortifolioManagement" name="deletePortifolio" time="0.006"/>
  <testcase classname="testcases.Session" name="doLogout" time="0.0">
    <ignored/>
  </testcase> <!-- doLogout -->
  <testcase classname="testcases.PortifolioManagement" name="createPortifolio" time="0.0">
    <ignored/>
  </testcase> <!-- createPortifolio -->
  <testcase classname="testcases.PortifolioManagement" name="modifyPortifolio" time="0.0">
    <ignored/>
  </testcase> <!-- modifyPortifolio -->
</testsuite> <!-- Delete PortifolioTest -->
