<?xml version="1.0" encoding="UTF-8"?>
<!-- Generated by org.testng.reporters.JUnitXMLReporter -->
<testsuite ignored="3" hostname="DESKTOP-JCJ8HOK" failures="0" tests="2" name="Test" time="0.096" errors="0" timestamp="17 Mar 2022 01:50:13 GMT">
  <testcase classname="testcases.Session" name="doLogin" time="0.024"/>
  <testcase classname="testcases.PortifolioManagement" name="createPortifolio" time="0.005"/>
  <testcase classname="testcases.PortifolioManagement" name="deletePortifolio" time="0.0">
    <ignored/>
  </testcase> <!-- deletePortifolio -->
  <testcase classname="testcases.Session" name="doLogout" time="0.0">
    <ignored/>
  </testcase> <!-- doLogout -->
  <testcase classname="testcases.PortifolioManagement" name="modifyPortifolio" time="0.0">
    <ignored/>
  </testcase> <!-- modifyPortifolio -->
</testsuite> <!-- Test -->
