<?xml version="1.0" encoding="UTF-8"?>
<testng-results ignored="1" total="8" passed="7" failed="0" skipped="0">
  <reporter-output>
  </reporter-output>
  <suite started-at="2022-01-28T03:23:27Z" name="BookingSuite" finished-at="2022-01-28T03:23:27Z" duration-ms="105">
    <groups>
    </groups>
    <test started-at="2022-01-28T03:23:27Z" name="Create Booking Test- Applying Discount - pay@hotel" finished-at="2022-01-28T03:23:27Z" duration-ms="105">
      <class name="testcases.CustomerCommunication">
        <test-method signature="checkEmailVerification(org.testng.ITestContext)[pri:0, instance:testcases.CustomerCommunication@6b53e23f]" started-at="2022-01-28T03:23:27Z" name="checkEmailVerification" finished-at="2022-01-28T03:23:27Z" duration-ms="1" status="PASS">
          <params>
            <param index="0">
              <value>
                <![CDATA[org.testng.TestRunner@4313f5bc]]>
              </value>
            </param>
          </params>
          <reporter-output>
          </reporter-output>
        </test-method> <!-- checkEmailVerification -->
        <test-method signature="checkMobileVerification(org.testng.ITestContext)[pri:0, instance:testcases.CustomerCommunication@6b53e23f]" started-at="2022-01-28T03:23:27Z" name="checkMobileVerification" finished-at="2022-01-28T03:23:27Z" duration-ms="0" status="PASS">
          <params>
            <param index="0">
              <value>
                <![CDATA[org.testng.TestRunner@4313f5bc]]>
              </value>
            </param>
          </params>
          <reporter-output>
          </reporter-output>
        </test-method> <!-- checkMobileVerification -->
      </class> <!-- testcases.CustomerCommunication -->
      <class name="testcases.PaymentManager">
        <test-method signature="applyDiscount()[pri:0, instance:testcases.PaymentManager@1dd92fe2]" started-at="2022-01-28T03:23:27Z" name="applyDiscount" finished-at="2022-01-28T03:23:27Z" duration-ms="0" status="PASS">
          <reporter-output>
          </reporter-output>
        </test-method> <!-- applyDiscount -->
        <test-method signature="makePayment(java.lang.String, org.testng.ITestContext)[pri:0, instance:testcases.PaymentManager@1dd92fe2]" started-at="2022-01-28T03:23:27Z" name="makePayment" finished-at="2022-01-28T03:23:27Z" duration-ms="0" status="PASS">
          <params>
            <param index="0">
              <value>
                <![CDATA[pay@hotel]]>
              </value>
            </param>
            <param index="1">
              <value>
                <![CDATA[org.testng.TestRunner@4313f5bc]]>
              </value>
            </param>
          </params>
          <reporter-output>
          </reporter-output>
        </test-method> <!-- makePayment -->
      </class> <!-- testcases.PaymentManager -->
      <class name="testcases.BookingSearch">
        <test-method signature="searchHotel()[pri:0, instance:testcases.BookingSearch@255b53dc]" started-at="2022-01-28T03:23:27Z" name="searchHotel" finished-at="2022-01-28T03:23:27Z" duration-ms="19" status="PASS">
          <reporter-output>
          </reporter-output>
        </test-method> <!-- searchHotel -->
        <test-method signature="selectHotel()[pri:0, instance:testcases.BookingSearch@255b53dc]" started-at="2022-01-28T03:23:27Z" name="selectHotel" finished-at="2022-01-28T03:23:27Z" duration-ms="0" status="PASS">
          <reporter-output>
          </reporter-output>
        </test-method> <!-- selectHotel -->
        <test-method signature="entertGuestInformation()[pri:0, instance:testcases.BookingSearch@255b53dc]" started-at="2022-01-28T03:23:27Z" name="entertGuestInformation" finished-at="2022-01-28T03:23:27Z" duration-ms="0" status="PASS">
          <reporter-output>
          </reporter-output>
        </test-method> <!-- entertGuestInformation -->
      </class> <!-- testcases.BookingSearch -->
    </test> <!-- Create Booking Test- Applying Discount - pay@hotel -->
  </suite> <!-- BookingSuite -->
</testng-results>
