<?xml version="1.0" encoding="UTF-8"?>
<testng-results ignored="2" total="16" passed="14" failed="0" skipped="0">
  <reporter-output>
  </reporter-output>
  <suite started-at="2022-01-26T03:42:56Z" name="BookingSuite" finished-at="2022-01-26T03:42:57Z" duration-ms="747">
    <groups>
    </groups>
    <test started-at="2022-01-26T03:42:56Z" name="Create Booking Test- Applying Discount - pay@hotel" finished-at="2022-01-26T03:42:57Z" duration-ms="255">
      <class name="testcases.CustomerCommunication">
        <test-method signature="checkEmailVerification(org.testng.ITestContext)[pri:0, instance:testcases.CustomerCommunication@1e66f1f5]" started-at="2022-01-26T03:42:56Z" name="checkEmailVerification" finished-at="2022-01-26T03:42:56Z" duration-ms="15" status="PASS">
          <params>
            <param index="0">
              <value>
                <![CDATA[org.testng.TestRunner@759d26fb]]>
              </value>
            </param>
          </params>
          <reporter-output>
          </reporter-output>
        </test-method> <!-- checkEmailVerification -->
        <test-method signature="checkMobileVerification(org.testng.ITestContext)[pri:0, instance:testcases.CustomerCommunication@1e66f1f5]" started-at="2022-01-26T03:42:56Z" name="checkMobileVerification" finished-at="2022-01-26T03:42:56Z" duration-ms="9" status="PASS">
          <params>
            <param index="0">
              <value>
                <![CDATA[org.testng.TestRunner@759d26fb]]>
              </value>
            </param>
          </params>
          <reporter-output>
          </reporter-output>
        </test-method> <!-- checkMobileVerification -->
      </class> <!-- testcases.CustomerCommunication -->
      <class name="testcases.PaymentManager">
        <test-method signature="applyDiscount()[pri:0, instance:testcases.PaymentManager@5fbe4146]" started-at="2022-01-26T03:42:56Z" name="applyDiscount" finished-at="2022-01-26T03:42:56Z" duration-ms="2" status="PASS">
          <reporter-output>
          </reporter-output>
        </test-method> <!-- applyDiscount -->
        <test-method signature="makePayment(java.lang.String, org.testng.ITestContext)[pri:0, instance:testcases.PaymentManager@5fbe4146]" started-at="2022-01-26T03:42:56Z" name="makePayment" finished-at="2022-01-26T03:42:56Z" duration-ms="16" status="PASS">
          <params>
            <param index="0">
              <value>
                <![CDATA[pay@hotel]]>
              </value>
            </param>
            <param index="1">
              <value>
                <![CDATA[org.testng.TestRunner@759d26fb]]>
              </value>
            </param>
          </params>
          <reporter-output>
          </reporter-output>
        </test-method> <!-- makePayment -->
      </class> <!-- testcases.PaymentManager -->
      <class name="testcases.BookingSearch">
        <test-method signature="searchHotel()[pri:0, instance:testcases.BookingSearch@79d8407f]" started-at="2022-01-26T03:42:56Z" name="searchHotel" finished-at="2022-01-26T03:42:56Z" duration-ms="32" status="PASS">
          <reporter-output>
          </reporter-output>
        </test-method> <!-- searchHotel -->
        <test-method signature="selectHotel()[pri:0, instance:testcases.BookingSearch@79d8407f]" started-at="2022-01-26T03:42:56Z" name="selectHotel" finished-at="2022-01-26T03:42:56Z" duration-ms="2" status="PASS">
          <reporter-output>
          </reporter-output>
        </test-method> <!-- selectHotel -->
        <test-method signature="entertGuestInformation()[pri:0, instance:testcases.BookingSearch@79d8407f]" started-at="2022-01-26T03:42:56Z" name="entertGuestInformation" finished-at="2022-01-26T03:42:56Z" duration-ms="3" status="PASS">
          <reporter-output>
          </reporter-output>
        </test-method> <!-- entertGuestInformation -->
      </class> <!-- testcases.BookingSearch -->
    </test> <!-- Create Booking Test- Applying Discount - pay@hotel -->
    <test started-at="2022-01-26T03:42:57Z" name="Create Booking Test- Applying Discount - electonicPayment" finished-at="2022-01-26T03:42:57Z" duration-ms="82">
      <class name="testcases.CustomerCommunication">
        <test-method signature="checkEmailVerification(org.testng.ITestContext)[pri:0, instance:testcases.CustomerCommunication@68e5eea7]" started-at="2022-01-26T03:42:57Z" name="checkEmailVerification" finished-at="2022-01-26T03:42:57Z" duration-ms="6" status="PASS">
          <params>
            <param index="0">
              <value>
                <![CDATA[org.testng.TestRunner@31fa1761]]>
              </value>
            </param>
          </params>
          <reporter-output>
          </reporter-output>
        </test-method> <!-- checkEmailVerification -->
        <test-method signature="checkMobileVerification(org.testng.ITestContext)[pri:0, instance:testcases.CustomerCommunication@68e5eea7]" started-at="2022-01-26T03:42:57Z" name="checkMobileVerification" finished-at="2022-01-26T03:42:57Z" duration-ms="2" status="PASS">
          <params>
            <param index="0">
              <value>
                <![CDATA[org.testng.TestRunner@31fa1761]]>
              </value>
            </param>
          </params>
          <reporter-output>
          </reporter-output>
        </test-method> <!-- checkMobileVerification -->
      </class> <!-- testcases.CustomerCommunication -->
      <class name="testcases.PaymentManager">
        <test-method signature="applyDiscount()[pri:0, instance:testcases.PaymentManager@63070bab]" started-at="2022-01-26T03:42:57Z" name="applyDiscount" finished-at="2022-01-26T03:42:57Z" duration-ms="0" status="PASS">
          <reporter-output>
          </reporter-output>
        </test-method> <!-- applyDiscount -->
        <test-method signature="makePayment(java.lang.String, org.testng.ITestContext)[pri:0, instance:testcases.PaymentManager@63070bab]" started-at="2022-01-26T03:42:57Z" name="makePayment" finished-at="2022-01-26T03:42:57Z" duration-ms="9" status="PASS">
          <params>
            <param index="0">
              <value>
                <![CDATA[electonicPayment]]>
              </value>
            </param>
            <param index="1">
              <value>
                <![CDATA[org.testng.TestRunner@31fa1761]]>
              </value>
            </param>
          </params>
          <reporter-output>
          </reporter-output>
        </test-method> <!-- makePayment -->
      </class> <!-- testcases.PaymentManager -->
      <class name="testcases.BookingSearch">
        <test-method signature="searchHotel()[pri:0, instance:testcases.BookingSearch@38e79ae3]" started-at="2022-01-26T03:42:57Z" name="searchHotel" finished-at="2022-01-26T03:42:57Z" duration-ms="4" status="PASS">
          <reporter-output>
          </reporter-output>
        </test-method> <!-- searchHotel -->
        <test-method signature="selectHotel()[pri:0, instance:testcases.BookingSearch@38e79ae3]" started-at="2022-01-26T03:42:57Z" name="selectHotel" finished-at="2022-01-26T03:42:57Z" duration-ms="9" status="PASS">
          <reporter-output>
          </reporter-output>
        </test-method> <!-- selectHotel -->
        <test-method signature="entertGuestInformation()[pri:0, instance:testcases.BookingSearch@38e79ae3]" started-at="2022-01-26T03:42:57Z" name="entertGuestInformation" finished-at="2022-01-26T03:42:57Z" duration-ms="2" status="PASS">
          <reporter-output>
          </reporter-output>
        </test-method> <!-- entertGuestInformation -->
      </class> <!-- testcases.BookingSearch -->
    </test> <!-- Create Booking Test- Applying Discount - electonicPayment -->
  </suite> <!-- BookingSuite -->
</testng-results>
