<?xml version="1.0" encoding="UTF-8"?>
<testng-results ignored="0" total="3" passed="3" failed="0" skipped="0">
  <reporter-output>
  </reporter-output>
  <suite started-at="2022-01-20T03:31:54Z" name="Suite" finished-at="2022-01-20T03:31:55Z" duration-ms="242">
    <groups>
    </groups>
    <test started-at="2022-01-20T03:31:54Z" name="Test" finished-at="2022-01-20T03:31:55Z" duration-ms="242">
      <class name="suitesParallel.NewTest">
        <test-method signature="test2()[pri:0, instance:suitesParallel.NewTest@762ef0ea]" started-at="2022-01-20T03:31:55Z" name="test2" finished-at="2022-01-20T03:31:55Z" duration-ms="71" status="PASS">
          <reporter-output>
          </reporter-output>
        </test-method> <!-- test2 -->
        <test-method signature="test1()[pri:0, instance:suitesParallel.NewTest@762ef0ea]" started-at="2022-01-20T03:31:55Z" name="test1" finished-at="2022-01-20T03:31:55Z" duration-ms="71" status="PASS">
          <reporter-output>
          </reporter-output>
        </test-method> <!-- test1 -->
        <test-method signature="test3()[pri:0, instance:suitesParallel.NewTest@762ef0ea]" started-at="2022-01-20T03:31:55Z" name="test3" finished-at="2022-01-20T03:31:55Z" duration-ms="33" status="PASS">
          <reporter-output>
          </reporter-output>
        </test-method> <!-- test3 -->
      </class> <!-- suitesParallel.NewTest -->
    </test> <!-- Test -->
  </suite> <!-- Suite -->
</testng-results>
